C51 COMPILER V9.57.0.0   MAIN                                                              07/24/2020 08:44:14 PAGE 1   


C51 COMPILER V9.57.0.0, COMPILATION OF MODULE MAIN
OBJECT MODULE PLACED IN main.OBJ
COMPILER INVOKED BY: C:\Keil_v5\C51\BIN\C51.exe main.c DB OE BR INCDIR(C:\SiLabs\MCU_2\Inc)

line level    source

   1          #include <f200.h>
   2          
   3          void delay(unsigned long duration)
   4          {
   5   1              while((duration--)!=0);
   6   1      }
   7          
   8          void setSystem();
   9          
  10          void mux_display(a,b,c,d)
  11          unsigned char a,b,c,d;
  12          {
  13   1               P2 = a | 0xE0;
  14   1               delay(100);
  15   1               P2 = b | 0xD0;
  16   1               delay(100);
  17   1               P2 = c | 0xB0;
  18   1               delay(100);
  19   1               P2 = d | 0x70;
  20   1               delay(100);
  21   1      }
  22          
  23          void display(unsigned int number)
  24          {
  25   1               unsigned char a,b,c,d;
  26   1               a = number/1000;
  27   1               b = (number%1000)/100;
  28   1               c = (number%100)/10;
  29   1               d = (number%10);
  30   1               mux_display(a,b,c,d);
  31   1      }
  32          
  33          unsigned char getchar ()
  34          {
  35   1              unsigned char x;
  36   1              while (P34==0); // wait for key pressed.
  37   1              x = P3 & 0x0f;
  38   1              while (P34==1); // wait for key release.
  39   1              return(x);
  40   1      }
  41          
  42          unsigned char keyscan(unsigned char *key)
  43          {
  44   1              if (P34==1) // key pressed.
  45   1              {
  46   2                 *key = P3 & 0x0f;
  47   2                 return(1);
  48   2              }
  49   1              else
  50   1              {
  51   2                 return(0);
  52   2              }
  53   1      }
  54          
  55          void main( )
C51 COMPILER V9.57.0.0   MAIN                                                              07/24/2020 08:44:14 PAGE 2   

  56          {       
  57   1              setSystem();
  58   1              for(;;)
  59   1              {
  60   2                      
  61   2              }
  62   1      }


MODULE INFORMATION:   STATIC OVERLAYABLE
   CODE SIZE        =    198    ----
   CONSTANT SIZE    =   ----    ----
   XDATA SIZE       =   ----    ----
   PDATA SIZE       =   ----    ----
   DATA SIZE        =   ----      11
   IDATA SIZE       =   ----    ----
   BIT SIZE         =   ----    ----
END OF MODULE INFORMATION.


C51 COMPILATION COMPLETE.  0 WARNING(S),  0 ERROR(S)
