C51 COMPILER V9.59.0.0   LAB1_EX1                                                          10/30/2024 12:32:47 PAGE 1   


C51 COMPILER V9.59.0.0, COMPILATION OF MODULE LAB1_EX1
OBJECT MODULE PLACED IN lab1_ex1.OBJ
COMPILER INVOKED BY: C:\Keil_v5\C51\BIN\c51.exe lab1_ex1.c DB OE BR INCDIR(C:\SiLabs\MCU\Inc)

line level    source

   1          #include <f200.h>
   2          
   3          //----- Delay Subroutine -------
   4          void delay(unsigned long duration)
   5          {
   6   1              while ((duration--)!=0);
   7   1      }
   8          
   9          void setSystem(); // refer to func.c for initialization for microcontroller chip
  10          
  11          void main()
  12          {
  13   1              unsigned long wait=60000;
  14   1              setSystem(); // Initialize u-controller internal registry and clock
  15   1              P1=0x00;
  16   1              while(1)
  17   1              {
  18   2                      if (P02==0) wait=10000; //0 = pressed, 1= not pressed
  19   2                      if (P03==0) wait=30000;
  20   2                      if (P04==0) wait=60000;
  21   2                      if (P05==0) wait=90000;
  22   2                      P1=0x00;
  23   2                      delay(wait);
  24   2                      P1=0xff;
  25   2                      delay(wait);
  26   2              } 
  27   1      }


MODULE INFORMATION:   STATIC OVERLAYABLE
   CODE SIZE        =    123    ----
   CONSTANT SIZE    =   ----    ----
   XDATA SIZE       =   ----    ----
   PDATA SIZE       =   ----    ----
   DATA SIZE        =   ----       8
   IDATA SIZE       =   ----    ----
   BIT SIZE         =   ----    ----
END OF MODULE INFORMATION.


C51 COMPILATION COMPLETE.  0 WARNING(S),  0 ERROR(S)
